android-build/build/intermediates/manifest_merge_blame_file/debug/manifest-merger-blame-debug-report.txt
1<?xml version="1.0" encoding="utf-8"?>
2<manifest xmlns:android="http://schemas.android.com/apk/res/android"
3    package="org.qtproject.sensores"
4    android:installLocation="auto"
5    android:versionCode="1"
6    android:versionName="1.0" >
7
8    <uses-sdk
9        android:minSdkVersion="21"
9-->build-Sensores-Android_Qt_5_15_1_Clang_Multi_Abi-Debug/android-build/AndroidManifest.xml
10        android:targetSdkVersion="28" />
10-->build-Sensores-Android_Qt_5_15_1_Clang_Multi_Abi-Debug/android-build/AndroidManifest.xml
11    <!--
12         The following comment will be replaced upon deployment with default permissions based on the dependencies of the application.
13         Remove the comment if you do not require these default permissions.
14    -->
15    <uses-permission android:name="android.permission.INTERNET" />
15-->build-Sensores-Android_Qt_5_15_1_Clang_Multi_Abi-Debug/android-build/AndroidManifest.xml:5:5-67
15-->build-Sensores-Android_Qt_5_15_1_Clang_Multi_Abi-Debug/android-build/AndroidManifest.xml:5:22-64
16    <uses-permission android:name="android.permission.WRITE_EXTERNAL_STORAGE" />
16-->build-Sensores-Android_Qt_5_15_1_Clang_Multi_Abi-Debug/android-build/AndroidManifest.xml:6:5-81
16-->build-Sensores-Android_Qt_5_15_1_Clang_Multi_Abi-Debug/android-build/AndroidManifest.xml:6:22-78
17    <uses-permission android:name="android.permission.ACCESS_NETWORK_STATE" />
17-->build-Sensores-Android_Qt_5_15_1_Clang_Multi_Abi-Debug/android-build/AndroidManifest.xml:7:5-79
17-->build-Sensores-Android_Qt_5_15_1_Clang_Multi_Abi-Debug/android-build/AndroidManifest.xml:7:22-76
18    <uses-permission android:name="android.permission.CAMERA" />
18-->build-Sensores-Android_Qt_5_15_1_Clang_Multi_Abi-Debug/android-build/AndroidManifest.xml:8:5-65
18-->build-Sensores-Android_Qt_5_15_1_Clang_Multi_Abi-Debug/android-build/AndroidManifest.xml:8:22-62
19    <uses-permission android:name="android.permission.RECORD_AUDIO" />
19-->build-Sensores-Android_Qt_5_15_1_Clang_Multi_Abi-Debug/android-build/AndroidManifest.xml:9:5-71
19-->build-Sensores-Android_Qt_5_15_1_Clang_Multi_Abi-Debug/android-build/AndroidManifest.xml:9:22-68
20    <uses-permission android:name="android.permission.ACCESS_FINE_LOCATION" />
20-->build-Sensores-Android_Qt_5_15_1_Clang_Multi_Abi-Debug/android-build/AndroidManifest.xml:10:5-79
20-->build-Sensores-Android_Qt_5_15_1_Clang_Multi_Abi-Debug/android-build/AndroidManifest.xml:10:22-76
21
22    <!--
23         The following comment will be replaced upon deployment with default features based on the dependencies of the application.
24         Remove the comment if you do not require these default features.
25    -->
26    <uses-feature
26-->build-Sensores-Android_Qt_5_15_1_Clang_Multi_Abi-Debug/android-build/AndroidManifest.xml:14:5-86
27        android:name="android.hardware.gamepad"
27-->build-Sensores-Android_Qt_5_15_1_Clang_Multi_Abi-Debug/android-build/AndroidManifest.xml:14:19-58
28        android:required="false" />
28-->build-Sensores-Android_Qt_5_15_1_Clang_Multi_Abi-Debug/android-build/AndroidManifest.xml:14:59-83
29    <uses-feature
29-->build-Sensores-Android_Qt_5_15_1_Clang_Multi_Abi-Debug/android-build/AndroidManifest.xml:15:5-85
30        android:name="android.hardware.camera"
30-->build-Sensores-Android_Qt_5_15_1_Clang_Multi_Abi-Debug/android-build/AndroidManifest.xml:15:19-57
31        android:required="false" />
31-->build-Sensores-Android_Qt_5_15_1_Clang_Multi_Abi-Debug/android-build/AndroidManifest.xml:15:58-82
32    <uses-feature
32-->build-Sensores-Android_Qt_5_15_1_Clang_Multi_Abi-Debug/android-build/AndroidManifest.xml:16:5-95
33        android:name="android.hardware.camera.autofocus"
33-->build-Sensores-Android_Qt_5_15_1_Clang_Multi_Abi-Debug/android-build/AndroidManifest.xml:16:19-67
34        android:required="false" />
34-->build-Sensores-Android_Qt_5_15_1_Clang_Multi_Abi-Debug/android-build/AndroidManifest.xml:16:68-92
35    <uses-feature
35-->build-Sensores-Android_Qt_5_15_1_Clang_Multi_Abi-Debug/android-build/AndroidManifest.xml:17:5-89
36        android:name="android.hardware.microphone"
36-->build-Sensores-Android_Qt_5_15_1_Clang_Multi_Abi-Debug/android-build/AndroidManifest.xml:17:19-61
37        android:required="false" />
37-->build-Sensores-Android_Qt_5_15_1_Clang_Multi_Abi-Debug/android-build/AndroidManifest.xml:17:62-86
38    <uses-feature
38-->build-Sensores-Android_Qt_5_15_1_Clang_Multi_Abi-Debug/android-build/AndroidManifest.xml:18:5-91
39        android:name="android.hardware.location.gps"
39-->build-Sensores-Android_Qt_5_15_1_Clang_Multi_Abi-Debug/android-build/AndroidManifest.xml:18:19-63
40        android:required="false" />
40-->build-Sensores-Android_Qt_5_15_1_Clang_Multi_Abi-Debug/android-build/AndroidManifest.xml:18:64-88
41
42    <supports-screens
42-->build-Sensores-Android_Qt_5_15_1_Clang_Multi_Abi-Debug/android-build/AndroidManifest.xml:20:5-135
43        android:anyDensity="true"
43-->build-Sensores-Android_Qt_5_15_1_Clang_Multi_Abi-Debug/android-build/AndroidManifest.xml:20:80-105
44        android:largeScreens="true"
44-->build-Sensores-Android_Qt_5_15_1_Clang_Multi_Abi-Debug/android-build/AndroidManifest.xml:20:23-50
45        android:normalScreens="true"
45-->build-Sensores-Android_Qt_5_15_1_Clang_Multi_Abi-Debug/android-build/AndroidManifest.xml:20:51-79
46        android:smallScreens="true" />
46-->build-Sensores-Android_Qt_5_15_1_Clang_Multi_Abi-Debug/android-build/AndroidManifest.xml:20:106-133
47
48    <application
48-->build-Sensores-Android_Qt_5_15_1_Clang_Multi_Abi-Debug/android-build/AndroidManifest.xml:21:5-82:19
49        android:name="org.qtproject.qt5.android.bindings.QtApplication"
49-->build-Sensores-Android_Qt_5_15_1_Clang_Multi_Abi-Debug/android-build/AndroidManifest.xml:21:53-116
50        android:debuggable="true"
51        android:extractNativeLibs="true"
51-->build-Sensores-Android_Qt_5_15_1_Clang_Multi_Abi-Debug/android-build/AndroidManifest.xml:21:142-174
52        android:hardwareAccelerated="true"
52-->build-Sensores-Android_Qt_5_15_1_Clang_Multi_Abi-Debug/android-build/AndroidManifest.xml:21:18-52
53        android:icon="@drawable/icon"
53-->build-Sensores-Android_Qt_5_15_1_Clang_Multi_Abi-Debug/android-build/AndroidManifest.xml:21:175-204
54        android:label="Sensores" >
54-->build-Sensores-Android_Qt_5_15_1_Clang_Multi_Abi-Debug/android-build/AndroidManifest.xml:21:117-141
55        <activity
55-->build-Sensores-Android_Qt_5_15_1_Clang_Multi_Abi-Debug/android-build/AndroidManifest.xml:22:9-80:20
56            android:name="org.qtproject.qt5.android.bindings.QtActivity"
56-->build-Sensores-Android_Qt_5_15_1_Clang_Multi_Abi-Debug/android-build/AndroidManifest.xml:22:189-249
57            android:configChanges="orientation|uiMode|screenLayout|screenSize|smallestScreenSize|layoutDirection|locale|fontScale|keyboard|keyboardHidden|navigation|mcc|mnc|density"
57-->build-Sensores-Android_Qt_5_15_1_Clang_Multi_Abi-Debug/android-build/AndroidManifest.xml:22:19-188
58            android:label="Sensores"
58-->build-Sensores-Android_Qt_5_15_1_Clang_Multi_Abi-Debug/android-build/AndroidManifest.xml:22:250-274
59            android:launchMode="singleTop"
59-->build-Sensores-Android_Qt_5_15_1_Clang_Multi_Abi-Debug/android-build/AndroidManifest.xml:22:315-345
60            android:screenOrientation="unspecified" >
60-->build-Sensores-Android_Qt_5_15_1_Clang_Multi_Abi-Debug/android-build/AndroidManifest.xml:22:275-314
61            <intent-filter>
61-->build-Sensores-Android_Qt_5_15_1_Clang_Multi_Abi-Debug/android-build/AndroidManifest.xml:23:13-26:29
62                <action android:name="android.intent.action.MAIN" />
62-->build-Sensores-Android_Qt_5_15_1_Clang_Multi_Abi-Debug/android-build/AndroidManifest.xml:24:17-68
62-->build-Sensores-Android_Qt_5_15_1_Clang_Multi_Abi-Debug/android-build/AndroidManifest.xml:24:25-66
63
64                <category android:name="android.intent.category.LAUNCHER" />
64-->build-Sensores-Android_Qt_5_15_1_Clang_Multi_Abi-Debug/android-build/AndroidManifest.xml:25:17-76
64-->build-Sensores-Android_Qt_5_15_1_Clang_Multi_Abi-Debug/android-build/AndroidManifest.xml:25:27-74
65            </intent-filter>
66            <!-- Application arguments -->
67            <!-- meta-data android:name="android.app.arguments" android:value="arg1 arg2 arg3"/ -->
68            <!-- Application arguments -->
69            <meta-data
69-->build-Sensores-Android_Qt_5_15_1_Clang_Multi_Abi-Debug/android-build/AndroidManifest.xml:30:13-86
70                android:name="android.app.lib_name"
70-->build-Sensores-Android_Qt_5_15_1_Clang_Multi_Abi-Debug/android-build/AndroidManifest.xml:30:24-59
71                android:value="Sensores" />
71-->build-Sensores-Android_Qt_5_15_1_Clang_Multi_Abi-Debug/android-build/AndroidManifest.xml:30:60-84
72            <meta-data
72-->build-Sensores-Android_Qt_5_15_1_Clang_Multi_Abi-Debug/android-build/AndroidManifest.xml:31:13-112
73                android:name="android.app.qt_sources_resource_id"
73-->build-Sensores-Android_Qt_5_15_1_Clang_Multi_Abi-Debug/android-build/AndroidManifest.xml:31:24-73
74                android:resource="@array/qt_sources" />
74-->build-Sensores-Android_Qt_5_15_1_Clang_Multi_Abi-Debug/android-build/AndroidManifest.xml:31:74-110
75            <meta-data
75-->build-Sensores-Android_Qt_5_15_1_Clang_Multi_Abi-Debug/android-build/AndroidManifest.xml:32:13-87
76                android:name="android.app.repository"
76-->build-Sensores-Android_Qt_5_15_1_Clang_Multi_Abi-Debug/android-build/AndroidManifest.xml:32:24-61
77                android:value="default" />
77-->build-Sensores-Android_Qt_5_15_1_Clang_Multi_Abi-Debug/android-build/AndroidManifest.xml:32:62-85
78            <meta-data
78-->build-Sensores-Android_Qt_5_15_1_Clang_Multi_Abi-Debug/android-build/AndroidManifest.xml:33:13-106
79                android:name="android.app.qt_libs_resource_id"
79-->build-Sensores-Android_Qt_5_15_1_Clang_Multi_Abi-Debug/android-build/AndroidManifest.xml:33:24-70
80                android:resource="@array/qt_libs" />
80-->build-Sensores-Android_Qt_5_15_1_Clang_Multi_Abi-Debug/android-build/AndroidManifest.xml:33:71-104
81            <meta-data
81-->build-Sensores-Android_Qt_5_15_1_Clang_Multi_Abi-Debug/android-build/AndroidManifest.xml:34:13-116
82                android:name="android.app.bundled_libs_resource_id"
82-->build-Sensores-Android_Qt_5_15_1_Clang_Multi_Abi-Debug/android-build/AndroidManifest.xml:34:24-75
83                android:resource="@array/bundled_libs" />
83-->build-Sensores-Android_Qt_5_15_1_Clang_Multi_Abi-Debug/android-build/AndroidManifest.xml:34:76-114
84            <!-- Deploy Qt libs as part of package -->
85            <meta-data
85-->build-Sensores-Android_Qt_5_15_1_Clang_Multi_Abi-Debug/android-build/AndroidManifest.xml:36:13-91
86                android:name="android.app.bundle_local_qt_libs"
86-->build-Sensores-Android_Qt_5_15_1_Clang_Multi_Abi-Debug/android-build/AndroidManifest.xml:36:24-71
87                android:value="1" />
87-->build-Sensores-Android_Qt_5_15_1_Clang_Multi_Abi-Debug/android-build/AndroidManifest.xml:36:72-89
88            <!-- Run with local libs -->
89            <meta-data
89-->build-Sensores-Android_Qt_5_15_1_Clang_Multi_Abi-Debug/android-build/AndroidManifest.xml:38:13-88
90                android:name="android.app.use_local_qt_libs"
90-->build-Sensores-Android_Qt_5_15_1_Clang_Multi_Abi-Debug/android-build/AndroidManifest.xml:38:24-68
91                android:value="1" />
91-->build-Sensores-Android_Qt_5_15_1_Clang_Multi_Abi-Debug/android-build/AndroidManifest.xml:38:69-86
92            <meta-data
92-->build-Sensores-Android_Qt_5_15_1_Clang_Multi_Abi-Debug/android-build/AndroidManifest.xml:39:13-100
93                android:name="android.app.libs_prefix"
93-->build-Sensores-Android_Qt_5_15_1_Clang_Multi_Abi-Debug/android-build/AndroidManifest.xml:39:24-62
94                android:value="/data/local/tmp/qt/" />
94-->build-Sensores-Android_Qt_5_15_1_Clang_Multi_Abi-Debug/android-build/AndroidManifest.xml:39:63-98
95            <meta-data
95-->build-Sensores-Android_Qt_5_15_1_Clang_Multi_Abi-Debug/android-build/AndroidManifest.xml:40:13-122
96                android:name="android.app.load_local_libs_resource_id"
96-->build-Sensores-Android_Qt_5_15_1_Clang_Multi_Abi-Debug/android-build/AndroidManifest.xml:40:24-78
97                android:resource="@array/load_local_libs" />
97-->build-Sensores-Android_Qt_5_15_1_Clang_Multi_Abi-Debug/android-build/AndroidManifest.xml:40:79-120
98            <meta-data
98-->build-Sensores-Android_Qt_5_15_1_Clang_Multi_Abi-Debug/android-build/AndroidManifest.xml:41:13-194
99                android:name="android.app.load_local_jars"
99-->build-Sensores-Android_Qt_5_15_1_Clang_Multi_Abi-Debug/android-build/AndroidManifest.xml:41:24-66
100                android:value="jar/QtAndroid.jar:jar/QtAndroidBearer.jar:jar/QtAndroidGamepad.jar:jar/QtMultimedia.jar:jar/QtPositioning.jar" />
100-->build-Sensores-Android_Qt_5_15_1_Clang_Multi_Abi-Debug/android-build/AndroidManifest.xml:41:67-192
101            <meta-data
101-->build-Sensores-Android_Qt_5_15_1_Clang_Multi_Abi-Debug/android-build/AndroidManifest.xml:42:13-195
102                android:name="android.app.static_init_classes"
102-->build-Sensores-Android_Qt_5_15_1_Clang_Multi_Abi-Debug/android-build/AndroidManifest.xml:42:24-70
103                android:value="org.qtproject.qt5.android.multimedia.QtMultimediaUtils:org.qtproject.qt5.android.positioning.QtPositioning" />
103-->build-Sensores-Android_Qt_5_15_1_Clang_Multi_Abi-Debug/android-build/AndroidManifest.xml:42:71-193
104            <!-- Used to specify custom system library path to run with local system libs -->
105            <!-- <meta-data android:name="android.app.system_libs_prefix" android:value="/system/lib/"/> -->
106            <!-- Messages maps -->
107            <meta-data
107-->build-Sensores-Android_Qt_5_15_1_Clang_Multi_Abi-Debug/android-build/AndroidManifest.xml:46:13-122
108                android:name="android.app.ministro_not_found_msg"
108-->build-Sensores-Android_Qt_5_15_1_Clang_Multi_Abi-Debug/android-build/AndroidManifest.xml:46:71-120
109                android:value="@string/ministro_not_found_msg" />
109-->build-Sensores-Android_Qt_5_15_1_Clang_Multi_Abi-Debug/android-build/AndroidManifest.xml:46:24-70
110            <meta-data
110-->build-Sensores-Android_Qt_5_15_1_Clang_Multi_Abi-Debug/android-build/AndroidManifest.xml:47:13-116
111                android:name="android.app.ministro_needed_msg"
111-->build-Sensores-Android_Qt_5_15_1_Clang_Multi_Abi-Debug/android-build/AndroidManifest.xml:47:68-114
112                android:value="@string/ministro_needed_msg" />
112-->build-Sensores-Android_Qt_5_15_1_Clang_Multi_Abi-Debug/android-build/AndroidManifest.xml:47:24-67
113            <meta-data
113-->build-Sensores-Android_Qt_5_15_1_Clang_Multi_Abi-Debug/android-build/AndroidManifest.xml:48:13-108
114                android:name="android.app.fatal_error_msg"
114-->build-Sensores-Android_Qt_5_15_1_Clang_Multi_Abi-Debug/android-build/AndroidManifest.xml:48:64-106
115                android:value="@string/fatal_error_msg" />
115-->build-Sensores-Android_Qt_5_15_1_Clang_Multi_Abi-Debug/android-build/AndroidManifest.xml:48:24-63
116            <meta-data
116-->build-Sensores-Android_Qt_5_15_1_Clang_Multi_Abi-Debug/android-build/AndroidManifest.xml:49:13-132
117                android:name="android.app.unsupported_android_version"
117-->build-Sensores-Android_Qt_5_15_1_Clang_Multi_Abi-Debug/android-build/AndroidManifest.xml:49:76-130
118                android:value="@string/unsupported_android_version" />
118-->build-Sensores-Android_Qt_5_15_1_Clang_Multi_Abi-Debug/android-build/AndroidManifest.xml:49:24-75
119            <!-- Messages maps -->
120            <!-- Splash screen -->
121            <!--
122                 Orientation-specific (portrait/landscape) data is checked first. If not available for current orientation,
123                 then android.app.splash_screen_drawable. For best results, use together with splash_screen_sticky and
124                 use hideSplashScreen() with a fade-out animation from Qt Android Extras to hide the splash screen when you
125                 are done populating your window with content.
126            -->
127            <!-- meta-data android:name="android.app.splash_screen_drawable_portrait" android:resource="@drawable/logo_portrait" / -->
128            <!-- meta-data android:name="android.app.splash_screen_drawable_landscape" android:resource="@drawable/logo_landscape" / -->
129            <!-- meta-data android:name="android.app.splash_screen_drawable" android:resource="@drawable/logo"/ -->
130            <!-- meta-data android:name="android.app.splash_screen_sticky" android:value="true"/ -->
131            <!-- Splash screen -->
132            <!-- Background running -->
133            <!--
134                 Warning: changing this value to true may cause unexpected crashes if the
135                          application still try to draw after
136                          "applicationStateChanged(Qt::ApplicationSuspended)"
137                          signal is sent!
138            -->
139            <meta-data
139-->build-Sensores-Android_Qt_5_15_1_Clang_Multi_Abi-Debug/android-build/AndroidManifest.xml:66:13-93
140                android:name="android.app.background_running"
140-->build-Sensores-Android_Qt_5_15_1_Clang_Multi_Abi-Debug/android-build/AndroidManifest.xml:66:24-69
141                android:value="false" />
141-->build-Sensores-Android_Qt_5_15_1_Clang_Multi_Abi-Debug/android-build/AndroidManifest.xml:66:70-91
142            <!-- Background running -->
143            <!-- auto screen scale factor -->
144            <meta-data
144-->build-Sensores-Android_Qt_5_15_1_Clang_Multi_Abi-Debug/android-build/AndroidManifest.xml:69:13-99
145                android:name="android.app.auto_screen_scale_factor"
145-->build-Sensores-Android_Qt_5_15_1_Clang_Multi_Abi-Debug/android-build/AndroidManifest.xml:69:24-75
146                android:value="false" />
146-->build-Sensores-Android_Qt_5_15_1_Clang_Multi_Abi-Debug/android-build/AndroidManifest.xml:69:76-97
147            <!-- auto screen scale factor -->
148            <!-- extract android style -->
149            <!--
150                 available android:values :
151                * default - In most cases this will be the same as "full", but it can also be something else if needed, e.g., for compatibility reasons
152                * full - useful QWidget & Quick Controls 1 apps
153                * minimal - useful for Quick Controls 2 apps, it is much faster than "full"
154                * none - useful for apps that don't use any of the above Qt modules
155            -->
156            <meta-data
156-->build-Sensores-Android_Qt_5_15_1_Clang_Multi_Abi-Debug/android-build/AndroidManifest.xml:78:13-95
157                android:name="android.app.extract_android_style"
157-->build-Sensores-Android_Qt_5_15_1_Clang_Multi_Abi-Debug/android-build/AndroidManifest.xml:78:24-72
158                android:value="full" />
158-->build-Sensores-Android_Qt_5_15_1_Clang_Multi_Abi-Debug/android-build/AndroidManifest.xml:78:73-93
159            <!-- extract android style -->
160        </activity>
161        <!-- For adding service(s) please check: https://wiki.qt.io/AndroidServices -->
162    </application>
163
164</manifest>